#
# There is insufficient memory for the Java Runtime Environment to continue.
# Native memory allocation (mmap) failed to map 130023424 bytes for G1 virtual space
# Possible reasons:
#   The system is out of physical RAM or swap space
#   The process is running with CompressedOops enabled, and the Java Heap may be blocking the growth of the native heap
# Possible solutions:
#   Reduce memory load on the system
#   Increase physical memory or swap space
#   Check if swap backing store is full
#   Decrease Java heap size (-Xmx/-Xms)
#   Decrease number of Java threads
#   Decrease Java thread stack sizes (-Xss)
#   Set larger code cache with -XX:ReservedCodeCacheSize=
#   JVM is running with Unscaled Compressed Oops mode in which the Java heap is
#     placed in the first 4GB address space. The Java Heap base address is the
#     maximum limit for the native heap growth. Please use -XX:HeapBaseMinAddress
#     to set the Java Heap base and to place the Java Heap above 4GB virtual address.
# This output file may be truncated or incomplete.
#
#  Out of Memory Error (os_windows.cpp:3557), pid=4388, tid=2948
#
# JRE version:  (17.0.6+10) (build )
# Java VM: OpenJDK 64-Bit Server VM (17.0.6+10, mixed mode, sharing, tiered, compressed oops, compressed class ptrs, g1 gc, windows-amd64)
# No core dump will be written. Minidumps are not enabled by default on client versions of Windows
#

---------------  S U M M A R Y ------------

Command Line: -XX:+ShowCodeDetailsInExceptionMessages App

Host: AMD Ryzen 7 2700U with Radeon Vega Mobile Gfx  , 8 cores, 7G,  Windows 10 , 64 bit Build 19041 (10.0.19041.928)
Time: Wed Jan 25 22:57:30 2023 Hora estándar Montañas, EE.UU. elapsed time: 0.010153 seconds (0d 0h 0m 0s)

---------------  T H R E A D  ---------------

Current thread (0x000002379971aad0):  JavaThread "Unknown thread" [_thread_in_vm, id=2948, stack(0x0000006862800000,0x0000006862900000)]

Stack: [0x0000006862800000,0x0000006862900000]
Native frames: (J=compiled Java code, j=interpreted, Vv=VM code, C=native code)
V  [jvm.dll+0x67741a]
V  [jvm.dll+0x834434]
V  [jvm.dll+0x835bde]
V  [jvm.dll+0x836243]
V  [jvm.dll+0x2457b5]
V  [jvm.dll+0x674329]
V  [jvm.dll+0x6689da]
V  [jvm.dll+0x30489b]
V  [jvm.dll+0x30bd96]
V  [jvm.dll+0x35b57e]
V  [jvm.dll+0x35b7af]
V  [jvm.dll+0x2db778]
V  [jvm.dll+0x2dc6e4]
V  [jvm.dll+0x806131]
V  [jvm.dll+0x369331]
V  [jvm.dll+0x7e56ac]
V  [jvm.dll+0x3eb35f]
V  [jvm.dll+0x3ecea1]
C  [jli.dll+0x5267]
C  [ucrtbase.dll+0x21bb2]
C  [KERNEL32.DLL+0x17034]
C  [ntdll.dll+0x52651]


---------------  P R O C E S S  ---------------

Threads class SMR info:
_java_thread_list=0x00007ffd58a75fd8, length=0, elements={
}

Java Threads: ( => current thread )

Other Threads:
  0x0000023799773a80 GCTaskThread "GC Thread#0" [stack: 0x0000006862900000,0x0000006862a00000] [id=9696]
  0x0000023799783d90 ConcurrentGCThread "G1 Main Marker" [stack: 0x0000006862a00000,0x0000006862b00000] [id=10312]
  0x00000237997846b0 ConcurrentGCThread "G1 Conc#0" [stack: 0x0000006862b00000,0x0000006862c00000] [id=7876]

[error occurred during error reporting (printing all threads), id 0xc0000005, EXCEPTION_ACCESS_VIOLATION (0xc0000005) at pc=0x00007ffd5824c1e7]

VM state: not at safepoint (not fully initialized)

VM Mutex/Monitor currently owned by a thread:  ([mutex/lock_event])
[0x0000023799719e90] Heap_lock - owner thread: 0x000002379971aad0

Heap address: 0x0000000085a00000, size: 1958 MB, Compressed Oops mode: 32-bit

CDS archive(s) mapped at: [0x0000000000000000-0x0000000000000000-0x0000000000000000), size 0, SharedBaseAddress: 0x0000000800000000, ArchiveRelocationMode: 0.
Narrow klass base: 0x0000000000000000, Narrow klass shift: 0, Narrow klass range: 0x0

GC Precious Log:
<Empty>

Heap:
 garbage-first heap   total 0K, used 0K [0x0000000085a00000, 0x0000000100000000)
  region size 1024K, 0 young (0K), 0 survivors (0K)

[error occurred during error reporting (printing heap information), id 0xc0000005, EXCEPTION_ACCESS_VIOLATION (0xc0000005) at pc=0x00007ffd586306f9]

GC Heap History (0 events):
No events

Dll operation events (1 events):
Event: 0.005 Loaded shared library C:\Program Files\Eclipse Adoptium\jdk-17.0.6.10-hotspot\bin\java.dll

Deoptimization events (0 events):
No events

Classes unloaded (0 events):
No events

Classes redefined (0 events):
No events

Internal exceptions (0 events):
No events

VM Operations (0 events):
No events

Events (0 events):
No events


Dynamic libraries:
0x00007ff60bca0000 - 0x00007ff60bcae000 	C:\Program Files\Eclipse Adoptium\jdk-17.0.6.10-hotspot\bin\java.exe
0x00007ffdacab0000 - 0x00007ffdacca5000 	C:\Windows\SYSTEM32\ntdll.dll
0x00007ffdac070000 - 0x00007ffdac12d000 	C:\Windows\System32\KERNEL32.DLL
0x00007ffdaa880000 - 0x00007ffdaab48000 	C:\Windows\System32\KERNELBASE.dll
0x00007ffdaa5f0000 - 0x00007ffdaa6f0000 	C:\Windows\System32\ucrtbase.dll
0x00007ffda19a0000 - 0x00007ffda19b7000 	C:\Program Files\Eclipse Adoptium\jdk-17.0.6.10-hotspot\bin\jli.dll
0x00007ffda49f0000 - 0x00007ffda4a09000 	C:\Program Files\Eclipse Adoptium\jdk-17.0.6.10-hotspot\bin\VCRUNTIME140.dll
0x00007ffdac910000 - 0x00007ffdacab0000 	C:\Windows\System32\USER32.dll
0x00007ffd98160000 - 0x00007ffd983fa000 	C:\Windows\WinSxS\amd64_microsoft.windows.common-controls_6595b64144ccf1df_6.0.19041.844_none_ca00b6081b84eb1d\COMCTL32.dll
0x00007ffdaa4b0000 - 0x00007ffdaa4d2000 	C:\Windows\System32\win32u.dll
0x00007ffdab880000 - 0x00007ffdab8aa000 	C:\Windows\System32\GDI32.dll
0x00007ffdab0f0000 - 0x00007ffdab18e000 	C:\Windows\System32\msvcrt.dll
0x00007ffdaa4e0000 - 0x00007ffdaa5eb000 	C:\Windows\System32\gdi32full.dll
0x00007ffdaa3c0000 - 0x00007ffdaa45d000 	C:\Windows\System32\msvcp_win.dll
0x00007ffdab710000 - 0x00007ffdab740000 	C:\Windows\System32\IMM32.DLL
0x00007ffda7b00000 - 0x00007ffda7b0c000 	C:\Program Files\Eclipse Adoptium\jdk-17.0.6.10-hotspot\bin\vcruntime140_1.dll
0x00007ffd73a60000 - 0x00007ffd73af1000 	C:\Program Files\Eclipse Adoptium\jdk-17.0.6.10-hotspot\bin\msvcp140.dll
0x00007ffd57f60000 - 0x00007ffd58ba7000 	C:\Program Files\Eclipse Adoptium\jdk-17.0.6.10-hotspot\bin\server\jvm.dll
0x00007ffdac130000 - 0x00007ffdac1dc000 	C:\Windows\System32\ADVAPI32.dll
0x00007ffdab050000 - 0x00007ffdab0eb000 	C:\Windows\System32\sechost.dll
0x00007ffdab5e0000 - 0x00007ffdab70b000 	C:\Windows\System32\RPCRT4.dll
0x00007ffda2640000 - 0x00007ffda2649000 	C:\Windows\SYSTEM32\WSOCK32.dll
0x00007ffd9e5a0000 - 0x00007ffd9e5c7000 	C:\Windows\SYSTEM32\WINMM.dll
0x00007ffda1880000 - 0x00007ffda188a000 	C:\Windows\SYSTEM32\VERSION.dll
0x00007ffdac000000 - 0x00007ffdac06b000 	C:\Windows\System32\WS2_32.dll
0x00007ffda8170000 - 0x00007ffda8182000 	C:\Windows\SYSTEM32\kernel.appcore.dll
0x00007ffda47a0000 - 0x00007ffda47aa000 	C:\Program Files\Eclipse Adoptium\jdk-17.0.6.10-hotspot\bin\jimage.dll
0x00007ffda31d0000 - 0x00007ffda33b4000 	C:\Windows\SYSTEM32\DBGHELP.DLL
0x00007ffd95cc0000 - 0x00007ffd95cec000 	C:\Windows\SYSTEM32\dbgcore.DLL
0x00007ffdaa230000 - 0x00007ffdaa2b0000 	C:\Windows\System32\bcryptPrimitives.dll
0x00007ffd9c000000 - 0x00007ffd9c025000 	C:\Program Files\Eclipse Adoptium\jdk-17.0.6.10-hotspot\bin\java.dll

dbghelp: loaded successfully - version: 4.0.5 - missing functions: none
symbol engine: initialized successfully - sym options: 0x614 - pdb path: .;C:\Program Files\Eclipse Adoptium\jdk-17.0.6.10-hotspot\bin;C:\Windows\SYSTEM32;C:\Windows\WinSxS\amd64_microsoft.windows.common-controls_6595b64144ccf1df_6.0.19041.844_none_ca00b6081b84eb1d;C:\Program Files\Eclipse Adoptium\jdk-17.0.6.10-hotspot\bin\server

VM Arguments:
jvm_args: -XX:+ShowCodeDetailsInExceptionMessages 
java_command: App
java_class_path (initial): C:\Users\master\Desktop\EjerciciosJava\EstucturadeControl2\EstructuradeControl.DoWhile\bin
Launcher Type: SUN_STANDARD

[Global flags]
     intx CICompilerCount                          = 4                                         {product} {ergonomic}
     uint ConcGCThreads                            = 2                                         {product} {ergonomic}
     uint G1ConcRefinementThreads                  = 8                                         {product} {ergonomic}
   size_t G1HeapRegionSize                         = 1048576                                   {product} {ergonomic}
    uintx GCDrainStackTargetSize                   = 64                                        {product} {ergonomic}
   size_t InitialHeapSize                          = 130023424                                 {product} {ergonomic}
   size_t MarkStackSize                            = 4194304                                   {product} {ergonomic}
   size_t MaxHeapSize                              = 2053111808                                {product} {ergonomic}
   size_t MinHeapDeltaBytes                        = 1048576                                   {product} {ergonomic}
   size_t MinHeapSize                              = 8388608                                   {product} {ergonomic}
    uintx NonNMethodCodeHeapSize                   = 5839372                                {pd product} {ergonomic}
    uintx NonProfiledCodeHeapSize                  = 122909434                              {pd product} {ergonomic}
    uintx ProfiledCodeHeapSize                     = 122909434                              {pd product} {ergonomic}
    uintx ReservedCodeCacheSize                    = 251658240                              {pd product} {ergonomic}
     bool SegmentedCodeCache                       = true                                      {product} {ergonomic}
     bool ShowCodeDetailsInExceptionMessages       = true                                   {manageable} {command line}
   size_t SoftMaxHeapSize                          = 2053111808                             {manageable} {ergonomic}
     bool UseCompressedClassPointers               = true                           {product lp64_product} {ergonomic}
     bool UseCompressedOops                        = true                           {product lp64_product} {ergonomic}
     bool UseG1GC                                  = true                                      {product} {ergonomic}
     bool UseLargePagesIndividualAllocation        = false                                  {pd product} {ergonomic}

Logging:
Log output configuration:
 #0: stdout all=warning uptime,level,tags
 #1: stderr all=off uptime,level,tags

Environment Variables:
PATH=C:\Program Files\Eclipse Adoptium\jdk-17.0.6.10-hotspot\bin;C:\Program Files\Microsoft\jdk-11.0.12.7-hotspot\bin;C:\Windows\system32;C:\Windows;C:\Windows\System32\Wbem;C:\Windows\System32\WindowsPowerShell\v1.0\;C:\Windows\System32\OpenSSH\;C:\Program Files\dotnet\;C:\Program Files\Microsoft SQL Server\150\Tools\Binn\;C:\Program Files\Git\cmd;C:\Program Files\Microsoft SQL Server\Client SDK\ODBC\170\Tools\Binn\;C:\wamp64\bin\mysql\mysql8.0.31\bin;C:\Users\master\AppData\Local\Microsoft\WindowsApps;C:\Users\master\.dotnet\tools;C:\Users\master\AppData\Local\Programs\Microsoft VS Code\bin
USERNAME=master
LANG=es_ES.UTF-8
OS=Windows_NT
PROCESSOR_IDENTIFIER=AMD64 Family 23 Model 17 Stepping 0, AuthenticAMD
TMP=C:\Users\master\AppData\Local\Temp
TEMP=C:\Users\master\AppData\Local\Temp



---------------  S Y S T E M  ---------------

OS:
 Windows 10 , 64 bit Build 19041 (10.0.19041.928)
OS uptime: 0 days 7:36 hours

CPU: total 8 (initial active 8) (8 cores per cpu, 2 threads per core) family 23 model 17 stepping 0 microcode 0x0, cx8, cmov, fxsr, ht, mmx, 3dnowpref, sse, sse2, sse3, ssse3, sse4a, sse4.1, sse4.2, popcnt, lzcnt, tsc, tscinvbit, avx, avx2, aes, clmul, bmi1, bmi2, adx, sha, fma, vzeroupper, clflush, clflushopt

Memory: 4k page, system-wide physical 7828M (1324M free)
TotalPageFile size 7828M (AvailPageFile size 61M)
current process WorkingSet (physical memory assigned to process): 10M, peak: 10M
current process commit charge ("private bytes"): 60M, peak: 184M

vm_info: OpenJDK 64-Bit Server VM (17.0.6+10) for windows-amd64 JRE (17.0.6+10), built on Jan 18 2023 10:08:59 by "temurin" with MS VC++ 16.7 (VS2019)

END.
